Analysis & Synthesis report for lab3_p2
Sat Sep 23 21:03:14 2023
Quartus Prime Version 20.1.1 Build 720 11/11/2020 SJ Lite Edition


---------------------
; Table of Contents ;
---------------------
  1. Legal Notice
  2. Analysis & Synthesis Summary
  3. Analysis & Synthesis Settings
  4. Parallel Compilation
  5. Analysis & Synthesis Source Files Read
  6. Analysis & Synthesis Resource Usage Summary
  7. Analysis & Synthesis Resource Utilization by Entity
  8. General Register Statistics
  9. Multiplexer Restructuring Statistics (Restructuring Performed)
 10. Parameter Settings for User Entity Instance: Top-level Entity: |alu_ns
 11. Parameter Settings for Inferred Entity Instance: lpm_mult:Mult0
 12. Parameter Settings for Inferred Entity Instance: lpm_mult:Mult0|mult_1ht:auto_generated|alt_mac_mult:mac_mult1
 13. Parameter Settings for Inferred Entity Instance: lpm_mult:Mult0|mult_1ht:auto_generated|alt_mac_out:mac_out2
 14. lpm_mult Parameter Settings by Entity Instance
 15. Post-Synthesis Netlist Statistics for Top Partition
 16. Elapsed Time Per Partition
 17. Analysis & Synthesis Messages



----------------
; Legal Notice ;
----------------
Copyright (C) 2020  Intel Corporation. All rights reserved.
Your use of Intel Corporation's design tools, logic functions 
and other software and tools, and any partner logic 
functions, and any output files from any of the foregoing 
(including device programming or simulation files), and any 
associated documentation or information are expressly subject 
to the terms and conditions of the Intel Program License 
Subscription Agreement, the Intel Quartus Prime License Agreement,
the Intel FPGA IP License Agreement, or other applicable license
agreement, including, without limitation, that your use is for
the sole purpose of programming logic devices manufactured by
Intel and sold by Intel or its authorized distributors.  Please
refer to the applicable agreement for further details, at
https://fpgasoftware.intel.com/eula.



+----------------------------------------------------------------------------------+
; Analysis & Synthesis Summary                                                     ;
+------------------------------------+---------------------------------------------+
; Analysis & Synthesis Status        ; Successful - Sat Sep 23 21:03:14 2023       ;
; Quartus Prime Version              ; 20.1.1 Build 720 11/11/2020 SJ Lite Edition ;
; Revision Name                      ; lab3_p2                                     ;
; Top-level Entity Name              ; alu_ns                                      ;
; Family                             ; Cyclone IV GX                               ;
; Total logic elements               ; 401                                         ;
;     Total combinational functions  ; 401                                         ;
;     Dedicated logic registers      ; 0                                           ;
; Total registers                    ; 0                                           ;
; Total pins                         ; 53                                          ;
; Total virtual pins                 ; 0                                           ;
; Total memory bits                  ; 0                                           ;
; Embedded Multiplier 9-bit elements ; 0                                           ;
; Total GXB Receiver Channel PCS     ; 0                                           ;
; Total GXB Receiver Channel PMA     ; 0                                           ;
; Total GXB Transmitter Channel PCS  ; 0                                           ;
; Total GXB Transmitter Channel PMA  ; 0                                           ;
; Total PLLs                         ; 0                                           ;
+------------------------------------+---------------------------------------------+


+------------------------------------------------------------------------------------------------------------+
; Analysis & Synthesis Settings                                                                              ;
+------------------------------------------------------------------+--------------------+--------------------+
; Option                                                           ; Setting            ; Default Value      ;
+------------------------------------------------------------------+--------------------+--------------------+
; Device                                                           ; EP4CGX15BF14A7     ;                    ;
; Top-level entity name                                            ; alu_ns             ; lab3_p2            ;
; Family name                                                      ; Cyclone IV GX      ; Cyclone V          ;
; Use smart compilation                                            ; Off                ; Off                ;
; Enable parallel Assembler and Timing Analyzer during compilation ; On                 ; On                 ;
; Enable compact report table                                      ; Off                ; Off                ;
; Restructure Multiplexers                                         ; Auto               ; Auto               ;
; Create Debugging Nodes for IP Cores                              ; Off                ; Off                ;
; Preserve fewer node names                                        ; On                 ; On                 ;
; Intel FPGA IP Evaluation Mode                                    ; Enable             ; Enable             ;
; Verilog Version                                                  ; Verilog_2001       ; Verilog_2001       ;
; VHDL Version                                                     ; VHDL_1993          ; VHDL_1993          ;
; State Machine Processing                                         ; Auto               ; Auto               ;
; Safe State Machine                                               ; Off                ; Off                ;
; Extract Verilog State Machines                                   ; On                 ; On                 ;
; Extract VHDL State Machines                                      ; On                 ; On                 ;
; Ignore Verilog initial constructs                                ; Off                ; Off                ;
; Iteration limit for constant Verilog loops                       ; 5000               ; 5000               ;
; Iteration limit for non-constant Verilog loops                   ; 250                ; 250                ;
; Add Pass-Through Logic to Inferred RAMs                          ; On                 ; On                 ;
; Infer RAMs from Raw Logic                                        ; On                 ; On                 ;
; Parallel Synthesis                                               ; On                 ; On                 ;
; DSP Block Balancing                                              ; Auto               ; Auto               ;
; NOT Gate Push-Back                                               ; On                 ; On                 ;
; Power-Up Don't Care                                              ; On                 ; On                 ;
; Remove Redundant Logic Cells                                     ; Off                ; Off                ;
; Remove Duplicate Registers                                       ; On                 ; On                 ;
; Ignore CARRY Buffers                                             ; Off                ; Off                ;
; Ignore CASCADE Buffers                                           ; Off                ; Off                ;
; Ignore GLOBAL Buffers                                            ; Off                ; Off                ;
; Ignore ROW GLOBAL Buffers                                        ; Off                ; Off                ;
; Ignore LCELL Buffers                                             ; Off                ; Off                ;
; Ignore SOFT Buffers                                              ; On                 ; On                 ;
; Limit AHDL Integers to 32 Bits                                   ; Off                ; Off                ;
; Optimization Technique                                           ; Balanced           ; Balanced           ;
; Carry Chain Length                                               ; 70                 ; 70                 ;
; Auto Carry Chains                                                ; On                 ; On                 ;
; Auto Open-Drain Pins                                             ; On                 ; On                 ;
; Perform WYSIWYG Primitive Resynthesis                            ; Off                ; Off                ;
; Auto ROM Replacement                                             ; On                 ; On                 ;
; Auto RAM Replacement                                             ; On                 ; On                 ;
; Auto DSP Block Replacement                                       ; On                 ; On                 ;
; Auto Shift Register Replacement                                  ; Auto               ; Auto               ;
; Allow Shift Register Merging across Hierarchies                  ; Auto               ; Auto               ;
; Auto Clock Enable Replacement                                    ; On                 ; On                 ;
; Strict RAM Replacement                                           ; Off                ; Off                ;
; Allow Synchronous Control Signals                                ; On                 ; On                 ;
; Force Use of Synchronous Clear Signals                           ; Off                ; Off                ;
; Auto RAM Block Balancing                                         ; On                 ; On                 ;
; Auto RAM to Logic Cell Conversion                                ; Off                ; Off                ;
; Auto Resource Sharing                                            ; Off                ; Off                ;
; Allow Any RAM Size For Recognition                               ; Off                ; Off                ;
; Allow Any ROM Size For Recognition                               ; Off                ; Off                ;
; Allow Any Shift Register Size For Recognition                    ; Off                ; Off                ;
; Use LogicLock Constraints during Resource Balancing              ; On                 ; On                 ;
; Ignore translate_off and synthesis_off directives                ; Off                ; Off                ;
; Timing-Driven Synthesis                                          ; On                 ; On                 ;
; Report Parameter Settings                                        ; On                 ; On                 ;
; Report Source Assignments                                        ; On                 ; On                 ;
; Report Connectivity Checks                                       ; On                 ; On                 ;
; Ignore Maximum Fan-Out Assignments                               ; Off                ; Off                ;
; Synchronization Register Chain Length                            ; 2                  ; 2                  ;
; Power Optimization During Synthesis                              ; Normal compilation ; Normal compilation ;
; HDL message level                                                ; Level2             ; Level2             ;
; Suppress Register Optimization Related Messages                  ; Off                ; Off                ;
; Number of Removed Registers Reported in Synthesis Report         ; 5000               ; 5000               ;
; Number of Swept Nodes Reported in Synthesis Report               ; 5000               ; 5000               ;
; Number of Inverted Registers Reported in Synthesis Report        ; 100                ; 100                ;
; Clock MUX Protection                                             ; On                 ; On                 ;
; Auto Gated Clock Conversion                                      ; Off                ; Off                ;
; Block Design Naming                                              ; Auto               ; Auto               ;
; SDC constraint protection                                        ; Off                ; Off                ;
; Synthesis Effort                                                 ; Auto               ; Auto               ;
; Shift Register Replacement - Allow Asynchronous Clear Signal     ; On                 ; On                 ;
; Pre-Mapping Resynthesis Optimization                             ; Off                ; Off                ;
; Analysis & Synthesis Message Level                               ; Medium             ; Medium             ;
; Disable Register Merging Across Hierarchies                      ; Auto               ; Auto               ;
; Resource Aware Inference For Block RAM                           ; On                 ; On                 ;
+------------------------------------------------------------------+--------------------+--------------------+


+------------------------------------------+
; Parallel Compilation                     ;
+----------------------------+-------------+
; Processors                 ; Number      ;
+----------------------------+-------------+
; Number detected on machine ; 12          ;
; Maximum allowed            ; 8           ;
;                            ;             ;
; Average used               ; 1.00        ;
; Maximum used               ; 1           ;
;                            ;             ;
; Usage by Processor         ; % Time Used ;
;     Processor 1            ; 100.0%      ;
+----------------------------+-------------+


+-----------------------------------------------------------------------------------------------------------------------------------------------------------------------------+
; Analysis & Synthesis Source Files Read                                                                                                                                      ;
+----------------------------------+-----------------+------------------------------+-------------------------------------------------------------------------------+---------+
; File Name with User-Entered Path ; Used in Netlist ; File Type                    ; File Name with Absolute Path                                                  ; Library ;
+----------------------------------+-----------------+------------------------------+-------------------------------------------------------------------------------+---------+
; alu_ns.vhd                       ; yes             ; User VHDL File               ; C:/Users/steve/git_repos/school/EEL4712/lab3/83190817/p2/alu_ns.vhd           ;         ;
; lpm_mult.tdf                     ; yes             ; Megafunction                 ; c:/intelfpga_lite/20.1/quartus/libraries/megafunctions/lpm_mult.tdf           ;         ;
; aglobal201.inc                   ; yes             ; Megafunction                 ; c:/intelfpga_lite/20.1/quartus/libraries/megafunctions/aglobal201.inc         ;         ;
; lpm_add_sub.inc                  ; yes             ; Megafunction                 ; c:/intelfpga_lite/20.1/quartus/libraries/megafunctions/lpm_add_sub.inc        ;         ;
; multcore.inc                     ; yes             ; Megafunction                 ; c:/intelfpga_lite/20.1/quartus/libraries/megafunctions/multcore.inc           ;         ;
; bypassff.inc                     ; yes             ; Megafunction                 ; c:/intelfpga_lite/20.1/quartus/libraries/megafunctions/bypassff.inc           ;         ;
; altshift.inc                     ; yes             ; Megafunction                 ; c:/intelfpga_lite/20.1/quartus/libraries/megafunctions/altshift.inc           ;         ;
; db/mult_1ht.tdf                  ; yes             ; Auto-Generated Megafunction  ; C:/Users/steve/git_repos/school/EEL4712/lab3/83190817/p2/db/mult_1ht.tdf      ;         ;
; alt_mac_mult.tdf                 ; yes             ; Megafunction                 ; c:/intelfpga_lite/20.1/quartus/libraries/megafunctions/alt_mac_mult.tdf       ;         ;
; lpm_mult.inc                     ; yes             ; Megafunction                 ; c:/intelfpga_lite/20.1/quartus/libraries/megafunctions/lpm_mult.inc           ;         ;
; db/mac_mult_r2h1.tdf             ; yes             ; Auto-Generated Megafunction  ; C:/Users/steve/git_repos/school/EEL4712/lab3/83190817/p2/db/mac_mult_r2h1.tdf ;         ;
; db/mult_jul.tdf                  ; yes             ; Auto-Generated Megafunction  ; C:/Users/steve/git_repos/school/EEL4712/lab3/83190817/p2/db/mult_jul.tdf      ;         ;
; alt_mac_out.tdf                  ; yes             ; Megafunction                 ; c:/intelfpga_lite/20.1/quartus/libraries/megafunctions/alt_mac_out.tdf        ;         ;
; alt_zaccum.inc                   ; yes             ; Megafunction                 ; c:/intelfpga_lite/20.1/quartus/libraries/megafunctions/alt_zaccum.inc         ;         ;
; db/mac_out_kv82.tdf              ; yes             ; Auto-Generated Megafunction  ; C:/Users/steve/git_repos/school/EEL4712/lab3/83190817/p2/db/mac_out_kv82.tdf  ;         ;
+----------------------------------+-----------------+------------------------------+-------------------------------------------------------------------------------+---------+


+---------------------------------------------+
; Analysis & Synthesis Resource Usage Summary ;
+--------------------------+------------------+
; Resource                 ; Usage            ;
+--------------------------+------------------+
; I/O pins                 ; 53               ;
;                          ;                  ;
; DSP block 9-bit elements ; 0                ;
;                          ;                  ;
; Maximum fan-out node     ; sel[2]~input     ;
; Maximum fan-out          ; 71               ;
; Total fan-out            ; 1421             ;
; Average fan-out          ; 2.80             ;
+--------------------------+------------------+


+--------------------------------------------------------------------------------------------------------------------------------------------------------------------------------------------------------------------------------------------------------------------------------------------------------------------------------------+
; Analysis & Synthesis Resource Utilization by Entity                                                                                                                                                                                                                                                                                  ;
+--------------------------------------------+---------------------+---------------------------+-------------+--------------+---------+-----------+-----------+------+--------------+-------------------------------------------------------------------------------------------------------------------+---------------+--------------+
; Compilation Hierarchy Node                 ; Combinational ALUTs ; Dedicated Logic Registers ; Memory Bits ; DSP Elements ; DSP 9x9 ; DSP 18x18 ; DSP 36x36 ; Pins ; Virtual Pins ; Full Hierarchy Name                                                                                               ; Entity Name   ; Library Name ;
+--------------------------------------------+---------------------+---------------------------+-------------+--------------+---------+-----------+-----------+------+--------------+-------------------------------------------------------------------------------------------------------------------+---------------+--------------+
; |alu_ns                                    ; 401 (221)           ; 0 (0)                     ; 0           ; 0            ; 0       ; 0         ; 0         ; 53   ; 0            ; |alu_ns                                                                                                           ; alu_ns        ; work         ;
;    |lpm_mult:Mult0|                        ; 180 (0)             ; 0 (0)                     ; 0           ; 0            ; 0       ; 0         ; 0         ; 0    ; 0            ; |alu_ns|lpm_mult:Mult0                                                                                            ; lpm_mult      ; work         ;
;       |mult_1ht:auto_generated|            ; 180 (0)             ; 0 (0)                     ; 0           ; 0            ; 0       ; 0         ; 0         ; 0    ; 0            ; |alu_ns|lpm_mult:Mult0|mult_1ht:auto_generated                                                                    ; mult_1ht      ; work         ;
;          |alt_mac_mult:mac_mult1|          ; 180 (0)             ; 0 (0)                     ; 0           ; 0            ; 0       ; 0         ; 0         ; 0    ; 0            ; |alu_ns|lpm_mult:Mult0|mult_1ht:auto_generated|alt_mac_mult:mac_mult1                                             ; alt_mac_mult  ; work         ;
;             |mac_mult_r2h1:auto_generated| ; 180 (0)             ; 0 (0)                     ; 0           ; 0            ; 0       ; 0         ; 0         ; 0    ; 0            ; |alu_ns|lpm_mult:Mult0|mult_1ht:auto_generated|alt_mac_mult:mac_mult1|mac_mult_r2h1:auto_generated                ; mac_mult_r2h1 ; work         ;
;                |mult_jul:mult1|            ; 180 (180)           ; 0 (0)                     ; 0           ; 0            ; 0       ; 0         ; 0         ; 0    ; 0            ; |alu_ns|lpm_mult:Mult0|mult_1ht:auto_generated|alt_mac_mult:mac_mult1|mac_mult_r2h1:auto_generated|mult_jul:mult1 ; mult_jul      ; work         ;
+--------------------------------------------+---------------------+---------------------------+-------------+--------------+---------+-----------+-----------+------+--------------+-------------------------------------------------------------------------------------------------------------------+---------------+--------------+
Note: For table entries with two numbers listed, the numbers in parentheses indicate the number of resources of the given type used by the specific entity alone. The numbers listed outside of parentheses indicate the total resources of the given type used by the specific entity and all of its sub-entities in the hierarchy.


+------------------------------------------------------+
; General Register Statistics                          ;
+----------------------------------------------+-------+
; Statistic                                    ; Value ;
+----------------------------------------------+-------+
; Total registers                              ; 0     ;
; Number of registers using Synchronous Clear  ; 0     ;
; Number of registers using Synchronous Load   ; 0     ;
; Number of registers using Asynchronous Clear ; 0     ;
; Number of registers using Asynchronous Load  ; 0     ;
; Number of registers using Clock Enable       ; 0     ;
; Number of registers using Preset             ; 0     ;
+----------------------------------------------+-------+


+------------------------------------------------------------------------------------------------------------------------------------------+
; Multiplexer Restructuring Statistics (Restructuring Performed)                                                                           ;
+--------------------+-----------+---------------+----------------------+------------------------+------------+----------------------------+
; Multiplexer Inputs ; Bus Width ; Baseline Area ; Area if Restructured ; Saving if Restructured ; Registered ; Example Multiplexer Output ;
+--------------------+-----------+---------------+----------------------+------------------------+------------+----------------------------+
; 16:1               ; 13 bits   ; 130 LEs       ; 104 LEs              ; 26 LEs                 ; No         ; |alu_ns|Mux14              ;
+--------------------+-----------+---------------+----------------------+------------------------+------------+----------------------------+


+------------------------------------------------------------------------+
; Parameter Settings for User Entity Instance: Top-level Entity: |alu_ns ;
+----------------+-------+-----------------------------------------------+
; Parameter Name ; Value ; Type                                          ;
+----------------+-------+-----------------------------------------------+
; WIDTH          ; 16    ; Signed Integer                                ;
+----------------+-------+-----------------------------------------------+
Note: In order to hide this table in the UI and the text report file, please set the "Show Parameter Settings in Synthesis Report" option in "Analysis and Synthesis Settings -> More Settings" to "Off".


+--------------------------------------------------------------------------------------+
; Parameter Settings for Inferred Entity Instance: lpm_mult:Mult0                      ;
+------------------------------------------------+---------------+---------------------+
; Parameter Name                                 ; Value         ; Type                ;
+------------------------------------------------+---------------+---------------------+
; AUTO_CARRY_CHAINS                              ; ON            ; AUTO_CARRY          ;
; IGNORE_CARRY_BUFFERS                           ; OFF           ; IGNORE_CARRY        ;
; AUTO_CASCADE_CHAINS                            ; ON            ; AUTO_CASCADE        ;
; IGNORE_CASCADE_BUFFERS                         ; OFF           ; IGNORE_CASCADE      ;
; LPM_WIDTHA                                     ; 16            ; Untyped             ;
; LPM_WIDTHB                                     ; 16            ; Untyped             ;
; LPM_WIDTHP                                     ; 32            ; Untyped             ;
; LPM_WIDTHR                                     ; 32            ; Untyped             ;
; LPM_WIDTHS                                     ; 1             ; Untyped             ;
; LPM_REPRESENTATION                             ; UNSIGNED      ; Untyped             ;
; LPM_PIPELINE                                   ; 0             ; Untyped             ;
; LATENCY                                        ; 0             ; Untyped             ;
; INPUT_A_IS_CONSTANT                            ; NO            ; Untyped             ;
; INPUT_B_IS_CONSTANT                            ; NO            ; Untyped             ;
; USE_EAB                                        ; OFF           ; Untyped             ;
; MAXIMIZE_SPEED                                 ; 6             ; Untyped             ;
; DEVICE_FAMILY                                  ; Cyclone IV GX ; Untyped             ;
; CARRY_CHAIN                                    ; MANUAL        ; Untyped             ;
; APEX20K_TECHNOLOGY_MAPPER                      ; LUT           ; TECH_MAPPER_APEX20K ;
; DEDICATED_MULTIPLIER_CIRCUITRY                 ; AUTO          ; Untyped             ;
; DEDICATED_MULTIPLIER_MIN_INPUT_WIDTH_FOR_AUTO  ; 0             ; Untyped             ;
; DEDICATED_MULTIPLIER_MIN_OUTPUT_WIDTH_FOR_AUTO ; 0             ; Untyped             ;
; CBXI_PARAMETER                                 ; mult_1ht      ; Untyped             ;
; INPUT_A_FIXED_VALUE                            ; Bx            ; Untyped             ;
; INPUT_B_FIXED_VALUE                            ; Bx            ; Untyped             ;
; USE_AHDL_IMPLEMENTATION                        ; OFF           ; Untyped             ;
+------------------------------------------------+---------------+---------------------+
Note: In order to hide this table in the UI and the text report file, please set the "Show Parameter Settings in Synthesis Report" option in "Analysis and Synthesis Settings -> More Settings" to "Off".


+----------------------------------------------------------------------------------------------------------------+
; Parameter Settings for Inferred Entity Instance: lpm_mult:Mult0|mult_1ht:auto_generated|alt_mac_mult:mac_mult1 ;
+------------------------------+---------------+-----------------------------------------------------------------+
; Parameter Name               ; Value         ; Type                                                            ;
+------------------------------+---------------+-----------------------------------------------------------------+
; LPM_WIDTHS                   ; 1             ; Untyped                                                         ;
; DATAA_WIDTH                  ; 16            ; Untyped                                                         ;
; DATAB_WIDTH                  ; 16            ; Untyped                                                         ;
; DATAA_CLOCK                  ; NONE          ; Untyped                                                         ;
; DATAB_CLOCK                  ; NONE          ; Untyped                                                         ;
; SIGNA_CLOCK                  ; NONE          ; Untyped                                                         ;
; SIGNB_CLOCK                  ; NONE          ; Untyped                                                         ;
; OUTPUT_CLOCK                 ; NONE          ; Untyped                                                         ;
; DATAA_CLEAR                  ; NONE          ; Untyped                                                         ;
; DATAB_CLEAR                  ; NONE          ; Untyped                                                         ;
; SIGNA_CLEAR                  ; NONE          ; Untyped                                                         ;
; SIGNB_CLEAR                  ; NONE          ; Untyped                                                         ;
; OUTPUT_CLEAR                 ; NONE          ; Untyped                                                         ;
; ROUND_CLOCK                  ; none          ; Untyped                                                         ;
; ROUND_CLEAR                  ; none          ; Untyped                                                         ;
; SATURATE_CLOCK               ; none          ; Untyped                                                         ;
; SATURATE_CLEAR               ; none          ; Untyped                                                         ;
; BYPASS_MULTIPLIER            ; NO            ; Untyped                                                         ;
; DYNAMIC_SCAN_CHAIN_SUPPORTED ; NO            ; Untyped                                                         ;
; USING_ROUNDING               ; NO            ; Untyped                                                         ;
; USING_SATURATION             ; NO            ; Untyped                                                         ;
; EXTRA_OUTPUT_CLOCK           ; none          ; Untyped                                                         ;
; EXTRA_SIGNA_CLOCK            ; none          ; Untyped                                                         ;
; EXTRA_SIGNB_CLOCK            ; none          ; Untyped                                                         ;
; EXTRA_OUTPUT_CLEAR           ; none          ; Untyped                                                         ;
; EXTRA_SIGNA_CLEAR            ; none          ; Untyped                                                         ;
; EXTRA_SIGNB_CLEAR            ; none          ; Untyped                                                         ;
; MULT_PIPELINE                ; 0             ; Untyped                                                         ;
; MULT_CLOCK                   ; NONE          ; Untyped                                                         ;
; MULT_CLEAR                   ; NONE          ; Untyped                                                         ;
; MULT_REPRESENTATION_A        ; UNSIGNED      ; Untyped                                                         ;
; MULT_REPRESENTATION_B        ; UNSIGNED      ; Untyped                                                         ;
; MULT_INPUT_A_IS_CONSTANT     ; NO            ; Untyped                                                         ;
; MULT_INPUT_B_IS_CONSTANT     ; NO            ; Untyped                                                         ;
; MULT_INPUT_A_FIXED_VALUE     ; Bx            ; Untyped                                                         ;
; MULT_INPUT_B_FIXED_VALUE     ; Bx            ; Untyped                                                         ;
; MULT_MAXIMIZE_SPEED          ; 5             ; Untyped                                                         ;
; CBXI_PARAMETER               ; mac_mult_r2h1 ; Untyped                                                         ;
+------------------------------+---------------+-----------------------------------------------------------------+
Note: In order to hide this table in the UI and the text report file, please set the "Show Parameter Settings in Synthesis Report" option in "Analysis and Synthesis Settings -> More Settings" to "Off".


+--------------------------------------------------------------------------------------------------------------+
; Parameter Settings for Inferred Entity Instance: lpm_mult:Mult0|mult_1ht:auto_generated|alt_mac_out:mac_out2 ;
+-------------------------------+--------------+---------------------------------------------------------------+
; Parameter Name                ; Value        ; Type                                                          ;
+-------------------------------+--------------+---------------------------------------------------------------+
; OPERATION_MODE                ; OUTPUT_ONLY  ; Untyped                                                       ;
; DATAA_WIDTH                   ; 32           ; Untyped                                                       ;
; DATAB_WIDTH                   ; 0            ; Untyped                                                       ;
; DATAC_WIDTH                   ; 0            ; Untyped                                                       ;
; DATAD_WIDTH                   ; 0            ; Untyped                                                       ;
; ADDNSUB0_CLOCK                ; NONE         ; Untyped                                                       ;
; ADDNSUB1_CLOCK                ; NONE         ; Untyped                                                       ;
; ROUND0_CLOCK                  ; none         ; Untyped                                                       ;
; ROUND1_CLOCK                  ; none         ; Untyped                                                       ;
; SATURATE_CLOCK                ; none         ; Untyped                                                       ;
; MULTABSATURATE_CLOCK          ; none         ; Untyped                                                       ;
; MULTCDSATURATE_CLOCK          ; none         ; Untyped                                                       ;
; ZEROACC_CLOCK                 ; NONE         ; Untyped                                                       ;
; SIGNA_CLOCK                   ; NONE         ; Untyped                                                       ;
; SIGNB_CLOCK                   ; NONE         ; Untyped                                                       ;
; OUTPUT_CLOCK                  ; NONE         ; Untyped                                                       ;
; ADDNSUB0_CLEAR                ; NONE         ; Untyped                                                       ;
; ADDNSUB1_CLEAR                ; NONE         ; Untyped                                                       ;
; ROUND0_CLEAR                  ; none         ; Untyped                                                       ;
; ROUND1_CLEAR                  ; none         ; Untyped                                                       ;
; SATURATE_CLEAR                ; none         ; Untyped                                                       ;
; MULTABSATURATE_CLEAR          ; none         ; Untyped                                                       ;
; MULTCDSATURATE_CLEAR          ; none         ; Untyped                                                       ;
; ZEROACC_CLEAR                 ; NONE         ; Untyped                                                       ;
; SIGNA_CLEAR                   ; NONE         ; Untyped                                                       ;
; SIGNB_CLEAR                   ; NONE         ; Untyped                                                       ;
; OUTPUT_CLEAR                  ; NONE         ; Untyped                                                       ;
; ADDNSUB0_PIPELINE_CLOCK       ; NONE         ; Untyped                                                       ;
; ADDNSUB1_PIPELINE_CLOCK       ; NONE         ; Untyped                                                       ;
; ROUND0_PIPELINE_CLOCK         ; none         ; Untyped                                                       ;
; ROUND1_PIPELINE_CLOCK         ; none         ; Untyped                                                       ;
; SATURATE_PIPELINE_CLOCK       ; none         ; Untyped                                                       ;
; MULTABSATURATE_PIPELINE_CLOCK ; none         ; Untyped                                                       ;
; MULTCDSATURATE_PIPELINE_CLOCK ; none         ; Untyped                                                       ;
; ZEROACC_PIPELINE_CLOCK        ; NONE         ; Untyped                                                       ;
; SIGNA_PIPELINE_CLOCK          ; NONE         ; Untyped                                                       ;
; SIGNB_PIPELINE_CLOCK          ; NONE         ; Untyped                                                       ;
; ADDNSUB0_PIPELINE_CLEAR       ; NONE         ; Untyped                                                       ;
; ADDNSUB1_PIPELINE_CLEAR       ; NONE         ; Untyped                                                       ;
; ROUND0_PIPELINE_CLEAR         ; none         ; Untyped                                                       ;
; ROUND1_PIPELINE_CLEAR         ; none         ; Untyped                                                       ;
; SATURATE_PIPELINE_CLEAR       ; none         ; Untyped                                                       ;
; MULTABSATURATE_PIPELINE_CLEAR ; none         ; Untyped                                                       ;
; MULTCDSATURATE_PIPELINE_CLEAR ; none         ; Untyped                                                       ;
; ZEROACC_PIPELINE_CLEAR        ; NONE         ; Untyped                                                       ;
; SIGNA_PIPELINE_CLEAR          ; NONE         ; Untyped                                                       ;
; SIGNB_PIPELINE_CLEAR          ; NONE         ; Untyped                                                       ;
; MODE0_CLOCK                   ; none         ; Untyped                                                       ;
; MODE1_CLOCK                   ; none         ; Untyped                                                       ;
; ZEROACC1_CLOCK                ; none         ; Untyped                                                       ;
; SATURATE1_CLOCK               ; none         ; Untyped                                                       ;
; OUTPUT1_CLOCK                 ; none         ; Untyped                                                       ;
; OUTPUT2_CLOCK                 ; none         ; Untyped                                                       ;
; OUTPUT3_CLOCK                 ; none         ; Untyped                                                       ;
; OUTPUT4_CLOCK                 ; none         ; Untyped                                                       ;
; OUTPUT5_CLOCK                 ; none         ; Untyped                                                       ;
; OUTPUT6_CLOCK                 ; none         ; Untyped                                                       ;
; OUTPUT7_CLOCK                 ; none         ; Untyped                                                       ;
; MODE0_CLEAR                   ; none         ; Untyped                                                       ;
; MODE1_CLEAR                   ; none         ; Untyped                                                       ;
; ZEROACC1_CLEAR                ; none         ; Untyped                                                       ;
; SATURATE1_CLEAR               ; none         ; Untyped                                                       ;
; OUTPUT1_CLEAR                 ; none         ; Untyped                                                       ;
; OUTPUT2_CLEAR                 ; none         ; Untyped                                                       ;
; OUTPUT3_CLEAR                 ; none         ; Untyped                                                       ;
; OUTPUT4_CLEAR                 ; none         ; Untyped                                                       ;
; OUTPUT5_CLEAR                 ; none         ; Untyped                                                       ;
; OUTPUT6_CLEAR                 ; none         ; Untyped                                                       ;
; OUTPUT7_CLEAR                 ; none         ; Untyped                                                       ;
; MODE0_PIPELINE_CLOCK          ; none         ; Untyped                                                       ;
; MODE1_PIPELINE_CLOCK          ; none         ; Untyped                                                       ;
; ZEROACC1_PIPELINE_CLOCK       ; none         ; Untyped                                                       ;
; SATURATE1_PIPELINE_CLOCK      ; none         ; Untyped                                                       ;
; MODE0_PIPELINE_CLEAR          ; none         ; Untyped                                                       ;
; MODE1_PIPELINE_CLEAR          ; none         ; Untyped                                                       ;
; ZEROACC1_PIPELINE_CLEAR       ; none         ; Untyped                                                       ;
; SATURATE1_PIPELINE_CLEAR      ; none         ; Untyped                                                       ;
; FIRST_ADDER0_CLOCK            ; NONE         ; Untyped                                                       ;
; FIRST_ADDER1_CLOCK            ; NONE         ; Untyped                                                       ;
; FIRST_ADDER0_CLEAR            ; NONE         ; Untyped                                                       ;
; FIRST_ADDER1_CLEAR            ; NONE         ; Untyped                                                       ;
; DATAA_FORCED_TO_ZERO          ; NO           ; Untyped                                                       ;
; DATAC_FORCED_TO_ZERO          ; NO           ; Untyped                                                       ;
; USING_ROUNDING                ; NO           ; Untyped                                                       ;
; USING_SATURATION              ; NO           ; Untyped                                                       ;
; USING_MULT_SATURATION         ; NO           ; Untyped                                                       ;
; USING_LOADABLE_ACCUM          ; NO           ; Untyped                                                       ;
; LOADABLE_ACCUM_SUPPORTED      ; NO           ; Untyped                                                       ;
; USING_CHAINOUT                ; NO           ; Untyped                                                       ;
; CHAININ_WIDTH                 ; 0            ; Untyped                                                       ;
; CHAINOUT_PIPELINE_CLOCK       ; none         ; Untyped                                                       ;
; CHAINOUT_PIPELINE_CLEAR       ; none         ; Untyped                                                       ;
; CBXI_PARAMETER                ; mac_out_kv82 ; Untyped                                                       ;
+-------------------------------+--------------+---------------------------------------------------------------+
Note: In order to hide this table in the UI and the text report file, please set the "Show Parameter Settings in Synthesis Report" option in "Analysis and Synthesis Settings -> More Settings" to "Off".


+--------------------------------------------------------+
; lpm_mult Parameter Settings by Entity Instance         ;
+---------------------------------------+----------------+
; Name                                  ; Value          ;
+---------------------------------------+----------------+
; Number of entity instances            ; 1              ;
; Entity Instance                       ; lpm_mult:Mult0 ;
;     -- LPM_WIDTHA                     ; 16             ;
;     -- LPM_WIDTHB                     ; 16             ;
;     -- LPM_WIDTHP                     ; 32             ;
;     -- LPM_REPRESENTATION             ; UNSIGNED       ;
;     -- INPUT_A_IS_CONSTANT            ; NO             ;
;     -- INPUT_B_IS_CONSTANT            ; NO             ;
;     -- USE_EAB                        ; OFF            ;
;     -- DEDICATED_MULTIPLIER_CIRCUITRY ; AUTO           ;
;     -- INPUT_A_FIXED_VALUE            ; Bx             ;
;     -- INPUT_B_FIXED_VALUE            ; Bx             ;
+---------------------------------------+----------------+


+-----------------------------------------------------+
; Post-Synthesis Netlist Statistics for Top Partition ;
+-----------------------+-----------------------------+
; Type                  ; Count                       ;
+-----------------------+-----------------------------+
; boundary_port         ; 53                          ;
; cycloneiii_lcell_comb ; 401                         ;
;     arith             ; 101                         ;
;         2 data inputs ; 7                           ;
;         3 data inputs ; 94                          ;
;     normal            ; 300                         ;
;         2 data inputs ; 47                          ;
;         3 data inputs ; 51                          ;
;         4 data inputs ; 202                         ;
;                       ;                             ;
; Max LUT depth         ; 12.20                       ;
; Average LUT depth     ; 7.76                        ;
+-----------------------+-----------------------------+


+-------------------------------+
; Elapsed Time Per Partition    ;
+----------------+--------------+
; Partition Name ; Elapsed Time ;
+----------------+--------------+
; Top            ; 00:00:01     ;
+----------------+--------------+


+-------------------------------+
; Analysis & Synthesis Messages ;
+-------------------------------+
Info: *******************************************************************
Info: Running Quartus Prime Analysis & Synthesis
    Info: Version 20.1.1 Build 720 11/11/2020 SJ Lite Edition
    Info: Processing started: Sat Sep 23 21:03:03 2023
Info: Command: quartus_map --read_settings_files=on --write_settings_files=off lab3_p2 -c lab3_p2
Warning (18236): Number of processors has not been specified which may cause overloading on shared machines.  Set the global assignment NUM_PARALLEL_PROCESSORS in your QSF to an appropriate value for best performance.
Info (20030): Parallel compilation is enabled and will use 8 of the 8 processors detected
Info (12021): Found 2 design units, including 1 entities, in source file alu_ns.vhd
    Info (12022): Found design unit 1: alu_ns-behave File: C:/Users/steve/git_repos/school/EEL4712/lab3/83190817/p2/alu_ns.vhd Line: 17
    Info (12023): Found entity 1: alu_ns File: C:/Users/steve/git_repos/school/EEL4712/lab3/83190817/p2/alu_ns.vhd Line: 5
Info (12127): Elaborating entity "alu_ns" for the top level hierarchy
Warning (10492): VHDL Process Statement warning at alu_ns.vhd(65): signal "tempin1" is read inside the Process Statement but isn't in the Process Statement's sensitivity list File: C:/Users/steve/git_repos/school/EEL4712/lab3/83190817/p2/alu_ns.vhd Line: 65
Warning (10492): VHDL Process Statement warning at alu_ns.vhd(65): signal "tempin2" is read inside the Process Statement but isn't in the Process Statement's sensitivity list File: C:/Users/steve/git_repos/school/EEL4712/lab3/83190817/p2/alu_ns.vhd Line: 65
Warning (10492): VHDL Process Statement warning at alu_ns.vhd(66): signal "tempsum" is read inside the Process Statement but isn't in the Process Statement's sensitivity list File: C:/Users/steve/git_repos/school/EEL4712/lab3/83190817/p2/alu_ns.vhd Line: 66
Warning (10492): VHDL Process Statement warning at alu_ns.vhd(67): signal "tempsum" is read inside the Process Statement but isn't in the Process Statement's sensitivity list File: C:/Users/steve/git_repos/school/EEL4712/lab3/83190817/p2/alu_ns.vhd Line: 67
Warning (10492): VHDL Process Statement warning at alu_ns.vhd(74): signal "tempin1" is read inside the Process Statement but isn't in the Process Statement's sensitivity list File: C:/Users/steve/git_repos/school/EEL4712/lab3/83190817/p2/alu_ns.vhd Line: 74
Warning (10492): VHDL Process Statement warning at alu_ns.vhd(74): signal "tempin2" is read inside the Process Statement but isn't in the Process Statement's sensitivity list File: C:/Users/steve/git_repos/school/EEL4712/lab3/83190817/p2/alu_ns.vhd Line: 74
Warning (10492): VHDL Process Statement warning at alu_ns.vhd(75): signal "tempmult" is read inside the Process Statement but isn't in the Process Statement's sensitivity list File: C:/Users/steve/git_repos/school/EEL4712/lab3/83190817/p2/alu_ns.vhd Line: 75
Warning (10492): VHDL Process Statement warning at alu_ns.vhd(76): signal "tempmult" is read inside the Process Statement but isn't in the Process Statement's sensitivity list File: C:/Users/steve/git_repos/school/EEL4712/lab3/83190817/p2/alu_ns.vhd Line: 76
Warning (10492): VHDL Process Statement warning at alu_ns.vhd(79): signal "tempin1" is read inside the Process Statement but isn't in the Process Statement's sensitivity list File: C:/Users/steve/git_repos/school/EEL4712/lab3/83190817/p2/alu_ns.vhd Line: 79
Warning (10492): VHDL Process Statement warning at alu_ns.vhd(80): signal "tempin1" is read inside the Process Statement but isn't in the Process Statement's sensitivity list File: C:/Users/steve/git_repos/school/EEL4712/lab3/83190817/p2/alu_ns.vhd Line: 80
Warning (10492): VHDL Process Statement warning at alu_ns.vhd(96): signal "tempswaplower" is read inside the Process Statement but isn't in the Process Statement's sensitivity list File: C:/Users/steve/git_repos/school/EEL4712/lab3/83190817/p2/alu_ns.vhd Line: 96
Warning (10492): VHDL Process Statement warning at alu_ns.vhd(96): signal "tempswapupper" is read inside the Process Statement but isn't in the Process Statement's sensitivity list File: C:/Users/steve/git_repos/school/EEL4712/lab3/83190817/p2/alu_ns.vhd Line: 96
Warning (10492): VHDL Process Statement warning at alu_ns.vhd(102): signal "tempswap" is read inside the Process Statement but isn't in the Process Statement's sensitivity list File: C:/Users/steve/git_repos/school/EEL4712/lab3/83190817/p2/alu_ns.vhd Line: 102
Info (278001): Inferred 1 megafunctions from design logic
    Info (278003): Inferred multiplier megafunction ("lpm_mult") from the following logic: "Mult0" File: C:/Users/steve/git_repos/school/EEL4712/lab3/83190817/p2/alu_ns.vhd Line: 74
Info (12130): Elaborated megafunction instantiation "lpm_mult:Mult0" File: C:/Users/steve/git_repos/school/EEL4712/lab3/83190817/p2/alu_ns.vhd Line: 74
Info (12133): Instantiated megafunction "lpm_mult:Mult0" with the following parameter: File: C:/Users/steve/git_repos/school/EEL4712/lab3/83190817/p2/alu_ns.vhd Line: 74
    Info (12134): Parameter "LPM_WIDTHA" = "16"
    Info (12134): Parameter "LPM_WIDTHB" = "16"
    Info (12134): Parameter "LPM_WIDTHP" = "32"
    Info (12134): Parameter "LPM_WIDTHR" = "32"
    Info (12134): Parameter "LPM_WIDTHS" = "1"
    Info (12134): Parameter "LPM_REPRESENTATION" = "UNSIGNED"
    Info (12134): Parameter "INPUT_A_IS_CONSTANT" = "NO"
    Info (12134): Parameter "INPUT_B_IS_CONSTANT" = "NO"
    Info (12134): Parameter "MAXIMIZE_SPEED" = "6"
Info (12021): Found 1 design units, including 1 entities, in source file db/mult_1ht.tdf
    Info (12023): Found entity 1: mult_1ht File: C:/Users/steve/git_repos/school/EEL4712/lab3/83190817/p2/db/mult_1ht.tdf Line: 29
Info (270001): Converted 1 DSP block slices
    Info (270002): Used 1 DSP blocks before DSP block balancing
        Info (270003): Used 1 DSP block slices in "Simple Multiplier (18-bit)" mode implemented in approximately 1 DSP blocks
    Info (270013): Converted the following 1 DSP block slices to logic elements
        Info (270006): DSP block slice in "Simple Multiplier (18-bit)" mode with output node "lpm_mult:Mult0|mult_1ht:auto_generated|mac_out2" File: C:/Users/steve/git_repos/school/EEL4712/lab3/83190817/p2/db/mult_1ht.tdf Line: 45
            Info (270004): DSP block output node "lpm_mult:Mult0|mult_1ht:auto_generated|mac_out2" File: C:/Users/steve/git_repos/school/EEL4712/lab3/83190817/p2/db/mult_1ht.tdf Line: 45
            Info (270005): DSP block multiplier node "lpm_mult:Mult0|mult_1ht:auto_generated|mac_mult1" File: C:/Users/steve/git_repos/school/EEL4712/lab3/83190817/p2/db/mult_1ht.tdf Line: 36
    Info (270002): Used 0 DSP blocks after DSP block balancing
Info (12130): Elaborated megafunction instantiation "lpm_mult:Mult0|mult_1ht:auto_generated|alt_mac_mult:mac_mult1" File: C:/Users/steve/git_repos/school/EEL4712/lab3/83190817/p2/db/mult_1ht.tdf Line: 36
Info (12133): Instantiated megafunction "lpm_mult:Mult0|mult_1ht:auto_generated|alt_mac_mult:mac_mult1" with the following parameter: File: C:/Users/steve/git_repos/school/EEL4712/lab3/83190817/p2/db/mult_1ht.tdf Line: 36
    Info (12134): Parameter "MULT_REPRESENTATION_A" = "UNSIGNED"
    Info (12134): Parameter "MULT_REPRESENTATION_B" = "UNSIGNED"
    Info (12134): Parameter "MULT_PIPELINE" = "0"
    Info (12134): Parameter "MULT_CLOCK" = "NONE"
    Info (12134): Parameter "MULT_CLEAR" = "NONE"
    Info (12134): Parameter "MULT_INPUT_A_IS_CONSTANT" = "NO"
    Info (12134): Parameter "MULT_INPUT_B_IS_CONSTANT" = "NO"
    Info (12134): Parameter "dataa_width" = "16"
    Info (12134): Parameter "datab_width" = "16"
    Info (12134): Parameter "output_width" = "32"
    Info (12134): Parameter "dataa_clock" = "NONE"
    Info (12134): Parameter "datab_clock" = "NONE"
    Info (12134): Parameter "signa_clock" = "NONE"
    Info (12134): Parameter "signb_clock" = "NONE"
    Info (12134): Parameter "output_clock" = "NONE"
    Info (12134): Parameter "dataa_clear" = "NONE"
    Info (12134): Parameter "datab_clear" = "NONE"
    Info (12134): Parameter "signa_clear" = "NONE"
    Info (12134): Parameter "signb_clear" = "NONE"
    Info (12134): Parameter "output_clear" = "NONE"
Info (12021): Found 1 design units, including 1 entities, in source file db/mac_mult_r2h1.tdf
    Info (12023): Found entity 1: mac_mult_r2h1 File: C:/Users/steve/git_repos/school/EEL4712/lab3/83190817/p2/db/mac_mult_r2h1.tdf Line: 25
Info (12021): Found 1 design units, including 1 entities, in source file db/mult_jul.tdf
    Info (12023): Found entity 1: mult_jul File: C:/Users/steve/git_repos/school/EEL4712/lab3/83190817/p2/db/mult_jul.tdf Line: 29
Info (12130): Elaborated megafunction instantiation "lpm_mult:Mult0|mult_1ht:auto_generated|alt_mac_out:mac_out2" File: C:/Users/steve/git_repos/school/EEL4712/lab3/83190817/p2/db/mult_1ht.tdf Line: 45
Info (12133): Instantiated megafunction "lpm_mult:Mult0|mult_1ht:auto_generated|alt_mac_out:mac_out2" with the following parameter: File: C:/Users/steve/git_repos/school/EEL4712/lab3/83190817/p2/db/mult_1ht.tdf Line: 45
    Info (12134): Parameter "OPERATION_MODE" = "OUTPUT_ONLY"
    Info (12134): Parameter "dataa_width" = "32"
    Info (12134): Parameter "datab_width" = "0"
    Info (12134): Parameter "datac_width" = "0"
    Info (12134): Parameter "datad_width" = "0"
    Info (12134): Parameter "output_width" = "32"
    Info (12134): Parameter "signa_clock" = "NONE"
    Info (12134): Parameter "signb_clock" = "NONE"
    Info (12134): Parameter "addnsub0_clock" = "NONE"
    Info (12134): Parameter "addnsub1_clock" = "NONE"
    Info (12134): Parameter "zeroacc_clock" = "NONE"
    Info (12134): Parameter "first_adder0_clock" = "NONE"
    Info (12134): Parameter "first_adder1_clock" = "NONE"
    Info (12134): Parameter "output_clock" = "NONE"
    Info (12134): Parameter "signa_clear" = "NONE"
    Info (12134): Parameter "signb_clear" = "NONE"
    Info (12134): Parameter "addnsub0_clear" = "NONE"
    Info (12134): Parameter "addnsub1_clear" = "NONE"
    Info (12134): Parameter "zeroacc_clear" = "NONE"
    Info (12134): Parameter "first_adder0_clear" = "NONE"
    Info (12134): Parameter "first_adder1_clear" = "NONE"
    Info (12134): Parameter "output_clear" = "NONE"
    Info (12134): Parameter "signa_pipeline_clock" = "NONE"
    Info (12134): Parameter "signb_pipeline_clock" = "NONE"
    Info (12134): Parameter "addnsub0_pipeline_clock" = "NONE"
    Info (12134): Parameter "addnsub1_pipeline_clock" = "NONE"
    Info (12134): Parameter "zeroacc_pipeline_clock" = "NONE"
    Info (12134): Parameter "signa_pipeline_clear" = "NONE"
    Info (12134): Parameter "signb_pipeline_clear" = "NONE"
    Info (12134): Parameter "addnsub0_pipeline_clear" = "NONE"
    Info (12134): Parameter "addnsub1_pipeline_clear" = "NONE"
    Info (12134): Parameter "zeroacc_pipeline_clear" = "NONE"
Info (12021): Found 1 design units, including 1 entities, in source file db/mac_out_kv82.tdf
    Info (12023): Found entity 1: mac_out_kv82 File: C:/Users/steve/git_repos/school/EEL4712/lab3/83190817/p2/db/mac_out_kv82.tdf Line: 23
Warning (14284): Synthesized away the following node(s):
    Warning (14285): Synthesized away the following LCELL buffer node(s):
        Warning (14320): Synthesized away node "lpm_mult:Mult0|mult_1ht:auto_generated|alt_mac_mult:mac_mult1|mac_mult_r2h1:auto_generated|mult_jul:mult1|le10a[17]" File: C:/Users/steve/git_repos/school/EEL4712/lab3/83190817/p2/db/mult_jul.tdf Line: 47
        Warning (14320): Synthesized away node "lpm_mult:Mult0|mult_1ht:auto_generated|alt_mac_mult:mac_mult1|mac_mult_r2h1:auto_generated|mult_jul:mult1|le10a[16]" File: C:/Users/steve/git_repos/school/EEL4712/lab3/83190817/p2/db/mult_jul.tdf Line: 47
        Warning (14320): Synthesized away node "lpm_mult:Mult0|mult_1ht:auto_generated|alt_mac_mult:mac_mult1|mac_mult_r2h1:auto_generated|mult_jul:mult1|le11a[17]" File: C:/Users/steve/git_repos/school/EEL4712/lab3/83190817/p2/db/mult_jul.tdf Line: 48
        Warning (14320): Synthesized away node "lpm_mult:Mult0|mult_1ht:auto_generated|alt_mac_mult:mac_mult1|mac_mult_r2h1:auto_generated|mult_jul:mult1|le11a[16]" File: C:/Users/steve/git_repos/school/EEL4712/lab3/83190817/p2/db/mult_jul.tdf Line: 48
        Warning (14320): Synthesized away node "lpm_mult:Mult0|mult_1ht:auto_generated|alt_mac_mult:mac_mult1|mac_mult_r2h1:auto_generated|mult_jul:mult1|le11a[15]" File: C:/Users/steve/git_repos/school/EEL4712/lab3/83190817/p2/db/mult_jul.tdf Line: 48
        Warning (14320): Synthesized away node "lpm_mult:Mult0|mult_1ht:auto_generated|alt_mac_mult:mac_mult1|mac_mult_r2h1:auto_generated|mult_jul:mult1|le11a[14]" File: C:/Users/steve/git_repos/school/EEL4712/lab3/83190817/p2/db/mult_jul.tdf Line: 48
        Warning (14320): Synthesized away node "lpm_mult:Mult0|mult_1ht:auto_generated|alt_mac_mult:mac_mult1|mac_mult_r2h1:auto_generated|mult_jul:mult1|le11a[13]" File: C:/Users/steve/git_repos/school/EEL4712/lab3/83190817/p2/db/mult_jul.tdf Line: 48
        Warning (14320): Synthesized away node "lpm_mult:Mult0|mult_1ht:auto_generated|alt_mac_mult:mac_mult1|mac_mult_r2h1:auto_generated|mult_jul:mult1|le11a[12]" File: C:/Users/steve/git_repos/school/EEL4712/lab3/83190817/p2/db/mult_jul.tdf Line: 48
        Warning (14320): Synthesized away node "lpm_mult:Mult0|mult_1ht:auto_generated|alt_mac_mult:mac_mult1|mac_mult_r2h1:auto_generated|mult_jul:mult1|le12a[16]" File: C:/Users/steve/git_repos/school/EEL4712/lab3/83190817/p2/db/mult_jul.tdf Line: 49
        Warning (14320): Synthesized away node "lpm_mult:Mult0|mult_1ht:auto_generated|alt_mac_mult:mac_mult1|mac_mult_r2h1:auto_generated|mult_jul:mult1|le12a[15]" File: C:/Users/steve/git_repos/school/EEL4712/lab3/83190817/p2/db/mult_jul.tdf Line: 49
        Warning (14320): Synthesized away node "lpm_mult:Mult0|mult_1ht:auto_generated|alt_mac_mult:mac_mult1|mac_mult_r2h1:auto_generated|mult_jul:mult1|le12a[14]" File: C:/Users/steve/git_repos/school/EEL4712/lab3/83190817/p2/db/mult_jul.tdf Line: 49
        Warning (14320): Synthesized away node "lpm_mult:Mult0|mult_1ht:auto_generated|alt_mac_mult:mac_mult1|mac_mult_r2h1:auto_generated|mult_jul:mult1|le12a[13]" File: C:/Users/steve/git_repos/school/EEL4712/lab3/83190817/p2/db/mult_jul.tdf Line: 49
        Warning (14320): Synthesized away node "lpm_mult:Mult0|mult_1ht:auto_generated|alt_mac_mult:mac_mult1|mac_mult_r2h1:auto_generated|mult_jul:mult1|le12a[12]" File: C:/Users/steve/git_repos/school/EEL4712/lab3/83190817/p2/db/mult_jul.tdf Line: 49
        Warning (14320): Synthesized away node "lpm_mult:Mult0|mult_1ht:auto_generated|alt_mac_mult:mac_mult1|mac_mult_r2h1:auto_generated|mult_jul:mult1|le12a[11]" File: C:/Users/steve/git_repos/school/EEL4712/lab3/83190817/p2/db/mult_jul.tdf Line: 49
        Warning (14320): Synthesized away node "lpm_mult:Mult0|mult_1ht:auto_generated|alt_mac_mult:mac_mult1|mac_mult_r2h1:auto_generated|mult_jul:mult1|le12a[10]" File: C:/Users/steve/git_repos/school/EEL4712/lab3/83190817/p2/db/mult_jul.tdf Line: 49
        Warning (14320): Synthesized away node "lpm_mult:Mult0|mult_1ht:auto_generated|alt_mac_mult:mac_mult1|mac_mult_r2h1:auto_generated|mult_jul:mult1|le12a[9]" File: C:/Users/steve/git_repos/school/EEL4712/lab3/83190817/p2/db/mult_jul.tdf Line: 49
Warning (14284): Synthesized away the following node(s):
    Warning (14285): Synthesized away the following LCELL buffer node(s):
        Warning (14320): Synthesized away node "lpm_mult:Mult0|mult_1ht:auto_generated|alt_mac_mult:mac_mult1|mac_mult_r2h1:auto_generated|mult_jul:mult1|le10a[15]" File: C:/Users/steve/git_repos/school/EEL4712/lab3/83190817/p2/db/mult_jul.tdf Line: 47
        Warning (14320): Synthesized away node "lpm_mult:Mult0|mult_1ht:auto_generated|alt_mac_mult:mac_mult1|mac_mult_r2h1:auto_generated|mult_jul:mult1|le10a[14]" File: C:/Users/steve/git_repos/school/EEL4712/lab3/83190817/p2/db/mult_jul.tdf Line: 47
        Warning (14320): Synthesized away node "lpm_mult:Mult0|mult_1ht:auto_generated|alt_mac_mult:mac_mult1|mac_mult_r2h1:auto_generated|mult_jul:mult1|le10a[13]" File: C:/Users/steve/git_repos/school/EEL4712/lab3/83190817/p2/db/mult_jul.tdf Line: 47
        Warning (14320): Synthesized away node "lpm_mult:Mult0|mult_1ht:auto_generated|alt_mac_mult:mac_mult1|mac_mult_r2h1:auto_generated|mult_jul:mult1|le10a[12]" File: C:/Users/steve/git_repos/school/EEL4712/lab3/83190817/p2/db/mult_jul.tdf Line: 47
        Warning (14320): Synthesized away node "lpm_mult:Mult0|mult_1ht:auto_generated|alt_mac_mult:mac_mult1|mac_mult_r2h1:auto_generated|mult_jul:mult1|le10a[11]" File: C:/Users/steve/git_repos/school/EEL4712/lab3/83190817/p2/db/mult_jul.tdf Line: 47
        Warning (14320): Synthesized away node "lpm_mult:Mult0|mult_1ht:auto_generated|alt_mac_mult:mac_mult1|mac_mult_r2h1:auto_generated|mult_jul:mult1|le10a[10]" File: C:/Users/steve/git_repos/school/EEL4712/lab3/83190817/p2/db/mult_jul.tdf Line: 47
        Warning (14320): Synthesized away node "lpm_mult:Mult0|mult_1ht:auto_generated|alt_mac_mult:mac_mult1|mac_mult_r2h1:auto_generated|mult_jul:mult1|le10a[9]" File: C:/Users/steve/git_repos/school/EEL4712/lab3/83190817/p2/db/mult_jul.tdf Line: 47
        Warning (14320): Synthesized away node "lpm_mult:Mult0|mult_1ht:auto_generated|alt_mac_mult:mac_mult1|mac_mult_r2h1:auto_generated|mult_jul:mult1|le10a[8]" File: C:/Users/steve/git_repos/school/EEL4712/lab3/83190817/p2/db/mult_jul.tdf Line: 47
        Warning (14320): Synthesized away node "lpm_mult:Mult0|mult_1ht:auto_generated|alt_mac_mult:mac_mult1|mac_mult_r2h1:auto_generated|mult_jul:mult1|le10a[7]" File: C:/Users/steve/git_repos/school/EEL4712/lab3/83190817/p2/db/mult_jul.tdf Line: 47
        Warning (14320): Synthesized away node "lpm_mult:Mult0|mult_1ht:auto_generated|alt_mac_mult:mac_mult1|mac_mult_r2h1:auto_generated|mult_jul:mult1|le10a[6]" File: C:/Users/steve/git_repos/school/EEL4712/lab3/83190817/p2/db/mult_jul.tdf Line: 47
        Warning (14320): Synthesized away node "lpm_mult:Mult0|mult_1ht:auto_generated|alt_mac_mult:mac_mult1|mac_mult_r2h1:auto_generated|mult_jul:mult1|le10a[5]" File: C:/Users/steve/git_repos/school/EEL4712/lab3/83190817/p2/db/mult_jul.tdf Line: 47
        Warning (14320): Synthesized away node "lpm_mult:Mult0|mult_1ht:auto_generated|alt_mac_mult:mac_mult1|mac_mult_r2h1:auto_generated|mult_jul:mult1|le11a[11]" File: C:/Users/steve/git_repos/school/EEL4712/lab3/83190817/p2/db/mult_jul.tdf Line: 48
        Warning (14320): Synthesized away node "lpm_mult:Mult0|mult_1ht:auto_generated|alt_mac_mult:mac_mult1|mac_mult_r2h1:auto_generated|mult_jul:mult1|le11a[10]" File: C:/Users/steve/git_repos/school/EEL4712/lab3/83190817/p2/db/mult_jul.tdf Line: 48
        Warning (14320): Synthesized away node "lpm_mult:Mult0|mult_1ht:auto_generated|alt_mac_mult:mac_mult1|mac_mult_r2h1:auto_generated|mult_jul:mult1|le11a[9]" File: C:/Users/steve/git_repos/school/EEL4712/lab3/83190817/p2/db/mult_jul.tdf Line: 48
        Warning (14320): Synthesized away node "lpm_mult:Mult0|mult_1ht:auto_generated|alt_mac_mult:mac_mult1|mac_mult_r2h1:auto_generated|mult_jul:mult1|le11a[8]" File: C:/Users/steve/git_repos/school/EEL4712/lab3/83190817/p2/db/mult_jul.tdf Line: 48
        Warning (14320): Synthesized away node "lpm_mult:Mult0|mult_1ht:auto_generated|alt_mac_mult:mac_mult1|mac_mult_r2h1:auto_generated|mult_jul:mult1|le11a[7]" File: C:/Users/steve/git_repos/school/EEL4712/lab3/83190817/p2/db/mult_jul.tdf Line: 48
        Warning (14320): Synthesized away node "lpm_mult:Mult0|mult_1ht:auto_generated|alt_mac_mult:mac_mult1|mac_mult_r2h1:auto_generated|mult_jul:mult1|le11a[6]" File: C:/Users/steve/git_repos/school/EEL4712/lab3/83190817/p2/db/mult_jul.tdf Line: 48
        Warning (14320): Synthesized away node "lpm_mult:Mult0|mult_1ht:auto_generated|alt_mac_mult:mac_mult1|mac_mult_r2h1:auto_generated|mult_jul:mult1|le11a[5]" File: C:/Users/steve/git_repos/school/EEL4712/lab3/83190817/p2/db/mult_jul.tdf Line: 48
        Warning (14320): Synthesized away node "lpm_mult:Mult0|mult_1ht:auto_generated|alt_mac_mult:mac_mult1|mac_mult_r2h1:auto_generated|mult_jul:mult1|le11a[4]" File: C:/Users/steve/git_repos/school/EEL4712/lab3/83190817/p2/db/mult_jul.tdf Line: 48
        Warning (14320): Synthesized away node "lpm_mult:Mult0|mult_1ht:auto_generated|alt_mac_mult:mac_mult1|mac_mult_r2h1:auto_generated|mult_jul:mult1|le11a[3]" File: C:/Users/steve/git_repos/school/EEL4712/lab3/83190817/p2/db/mult_jul.tdf Line: 48
        Warning (14320): Synthesized away node "lpm_mult:Mult0|mult_1ht:auto_generated|alt_mac_mult:mac_mult1|mac_mult_r2h1:auto_generated|mult_jul:mult1|le12a[8]" File: C:/Users/steve/git_repos/school/EEL4712/lab3/83190817/p2/db/mult_jul.tdf Line: 49
        Warning (14320): Synthesized away node "lpm_mult:Mult0|mult_1ht:auto_generated|alt_mac_mult:mac_mult1|mac_mult_r2h1:auto_generated|mult_jul:mult1|le12a[7]" File: C:/Users/steve/git_repos/school/EEL4712/lab3/83190817/p2/db/mult_jul.tdf Line: 49
        Warning (14320): Synthesized away node "lpm_mult:Mult0|mult_1ht:auto_generated|alt_mac_mult:mac_mult1|mac_mult_r2h1:auto_generated|mult_jul:mult1|le12a[6]" File: C:/Users/steve/git_repos/school/EEL4712/lab3/83190817/p2/db/mult_jul.tdf Line: 49
        Warning (14320): Synthesized away node "lpm_mult:Mult0|mult_1ht:auto_generated|alt_mac_mult:mac_mult1|mac_mult_r2h1:auto_generated|mult_jul:mult1|le12a[5]" File: C:/Users/steve/git_repos/school/EEL4712/lab3/83190817/p2/db/mult_jul.tdf Line: 49
        Warning (14320): Synthesized away node "lpm_mult:Mult0|mult_1ht:auto_generated|alt_mac_mult:mac_mult1|mac_mult_r2h1:auto_generated|mult_jul:mult1|le12a[4]" File: C:/Users/steve/git_repos/school/EEL4712/lab3/83190817/p2/db/mult_jul.tdf Line: 49
        Warning (14320): Synthesized away node "lpm_mult:Mult0|mult_1ht:auto_generated|alt_mac_mult:mac_mult1|mac_mult_r2h1:auto_generated|mult_jul:mult1|le12a[3]" File: C:/Users/steve/git_repos/school/EEL4712/lab3/83190817/p2/db/mult_jul.tdf Line: 49
        Warning (14320): Synthesized away node "lpm_mult:Mult0|mult_1ht:auto_generated|alt_mac_mult:mac_mult1|mac_mult_r2h1:auto_generated|mult_jul:mult1|le12a[2]" File: C:/Users/steve/git_repos/school/EEL4712/lab3/83190817/p2/db/mult_jul.tdf Line: 49
        Warning (14320): Synthesized away node "lpm_mult:Mult0|mult_1ht:auto_generated|alt_mac_mult:mac_mult1|mac_mult_r2h1:auto_generated|mult_jul:mult1|le4a[17]" File: C:/Users/steve/git_repos/school/EEL4712/lab3/83190817/p2/db/mult_jul.tdf Line: 50
        Warning (14320): Synthesized away node "lpm_mult:Mult0|mult_1ht:auto_generated|alt_mac_mult:mac_mult1|mac_mult_r2h1:auto_generated|mult_jul:mult1|le6a[17]" File: C:/Users/steve/git_repos/school/EEL4712/lab3/83190817/p2/db/mult_jul.tdf Line: 52
        Warning (14320): Synthesized away node "lpm_mult:Mult0|mult_1ht:auto_generated|alt_mac_mult:mac_mult1|mac_mult_r2h1:auto_generated|mult_jul:mult1|le6a[16]" File: C:/Users/steve/git_repos/school/EEL4712/lab3/83190817/p2/db/mult_jul.tdf Line: 52
        Warning (14320): Synthesized away node "lpm_mult:Mult0|mult_1ht:auto_generated|alt_mac_mult:mac_mult1|mac_mult_r2h1:auto_generated|mult_jul:mult1|le7a[17]" File: C:/Users/steve/git_repos/school/EEL4712/lab3/83190817/p2/db/mult_jul.tdf Line: 53
        Warning (14320): Synthesized away node "lpm_mult:Mult0|mult_1ht:auto_generated|alt_mac_mult:mac_mult1|mac_mult_r2h1:auto_generated|mult_jul:mult1|le7a[16]" File: C:/Users/steve/git_repos/school/EEL4712/lab3/83190817/p2/db/mult_jul.tdf Line: 53
        Warning (14320): Synthesized away node "lpm_mult:Mult0|mult_1ht:auto_generated|alt_mac_mult:mac_mult1|mac_mult_r2h1:auto_generated|mult_jul:mult1|le7a[15]" File: C:/Users/steve/git_repos/school/EEL4712/lab3/83190817/p2/db/mult_jul.tdf Line: 53
        Warning (14320): Synthesized away node "lpm_mult:Mult0|mult_1ht:auto_generated|alt_mac_mult:mac_mult1|mac_mult_r2h1:auto_generated|mult_jul:mult1|le7a[14]" File: C:/Users/steve/git_repos/school/EEL4712/lab3/83190817/p2/db/mult_jul.tdf Line: 53
        Warning (14320): Synthesized away node "lpm_mult:Mult0|mult_1ht:auto_generated|alt_mac_mult:mac_mult1|mac_mult_r2h1:auto_generated|mult_jul:mult1|le7a[13]" File: C:/Users/steve/git_repos/school/EEL4712/lab3/83190817/p2/db/mult_jul.tdf Line: 53
        Warning (14320): Synthesized away node "lpm_mult:Mult0|mult_1ht:auto_generated|alt_mac_mult:mac_mult1|mac_mult_r2h1:auto_generated|mult_jul:mult1|le7a[12]" File: C:/Users/steve/git_repos/school/EEL4712/lab3/83190817/p2/db/mult_jul.tdf Line: 53
        Warning (14320): Synthesized away node "lpm_mult:Mult0|mult_1ht:auto_generated|alt_mac_mult:mac_mult1|mac_mult_r2h1:auto_generated|mult_jul:mult1|le7a[11]" File: C:/Users/steve/git_repos/school/EEL4712/lab3/83190817/p2/db/mult_jul.tdf Line: 53
        Warning (14320): Synthesized away node "lpm_mult:Mult0|mult_1ht:auto_generated|alt_mac_mult:mac_mult1|mac_mult_r2h1:auto_generated|mult_jul:mult1|le8a[17]" File: C:/Users/steve/git_repos/school/EEL4712/lab3/83190817/p2/db/mult_jul.tdf Line: 54
        Warning (14320): Synthesized away node "lpm_mult:Mult0|mult_1ht:auto_generated|alt_mac_mult:mac_mult1|mac_mult_r2h1:auto_generated|mult_jul:mult1|le8a[16]" File: C:/Users/steve/git_repos/school/EEL4712/lab3/83190817/p2/db/mult_jul.tdf Line: 54
        Warning (14320): Synthesized away node "lpm_mult:Mult0|mult_1ht:auto_generated|alt_mac_mult:mac_mult1|mac_mult_r2h1:auto_generated|mult_jul:mult1|le8a[15]" File: C:/Users/steve/git_repos/school/EEL4712/lab3/83190817/p2/db/mult_jul.tdf Line: 54
        Warning (14320): Synthesized away node "lpm_mult:Mult0|mult_1ht:auto_generated|alt_mac_mult:mac_mult1|mac_mult_r2h1:auto_generated|mult_jul:mult1|le8a[14]" File: C:/Users/steve/git_repos/school/EEL4712/lab3/83190817/p2/db/mult_jul.tdf Line: 54
        Warning (14320): Synthesized away node "lpm_mult:Mult0|mult_1ht:auto_generated|alt_mac_mult:mac_mult1|mac_mult_r2h1:auto_generated|mult_jul:mult1|le8a[13]" File: C:/Users/steve/git_repos/school/EEL4712/lab3/83190817/p2/db/mult_jul.tdf Line: 54
        Warning (14320): Synthesized away node "lpm_mult:Mult0|mult_1ht:auto_generated|alt_mac_mult:mac_mult1|mac_mult_r2h1:auto_generated|mult_jul:mult1|le8a[12]" File: C:/Users/steve/git_repos/school/EEL4712/lab3/83190817/p2/db/mult_jul.tdf Line: 54
        Warning (14320): Synthesized away node "lpm_mult:Mult0|mult_1ht:auto_generated|alt_mac_mult:mac_mult1|mac_mult_r2h1:auto_generated|mult_jul:mult1|le8a[11]" File: C:/Users/steve/git_repos/school/EEL4712/lab3/83190817/p2/db/mult_jul.tdf Line: 54
        Warning (14320): Synthesized away node "lpm_mult:Mult0|mult_1ht:auto_generated|alt_mac_mult:mac_mult1|mac_mult_r2h1:auto_generated|mult_jul:mult1|le8a[10]" File: C:/Users/steve/git_repos/school/EEL4712/lab3/83190817/p2/db/mult_jul.tdf Line: 54
        Warning (14320): Synthesized away node "lpm_mult:Mult0|mult_1ht:auto_generated|alt_mac_mult:mac_mult1|mac_mult_r2h1:auto_generated|mult_jul:mult1|le8a[9]" File: C:/Users/steve/git_repos/school/EEL4712/lab3/83190817/p2/db/mult_jul.tdf Line: 54
        Warning (14320): Synthesized away node "lpm_mult:Mult0|mult_1ht:auto_generated|alt_mac_mult:mac_mult1|mac_mult_r2h1:auto_generated|mult_jul:mult1|le9a[17]" File: C:/Users/steve/git_repos/school/EEL4712/lab3/83190817/p2/db/mult_jul.tdf Line: 55
        Warning (14320): Synthesized away node "lpm_mult:Mult0|mult_1ht:auto_generated|alt_mac_mult:mac_mult1|mac_mult_r2h1:auto_generated|mult_jul:mult1|le9a[16]" File: C:/Users/steve/git_repos/school/EEL4712/lab3/83190817/p2/db/mult_jul.tdf Line: 55
        Warning (14320): Synthesized away node "lpm_mult:Mult0|mult_1ht:auto_generated|alt_mac_mult:mac_mult1|mac_mult_r2h1:auto_generated|mult_jul:mult1|le9a[15]" File: C:/Users/steve/git_repos/school/EEL4712/lab3/83190817/p2/db/mult_jul.tdf Line: 55
        Warning (14320): Synthesized away node "lpm_mult:Mult0|mult_1ht:auto_generated|alt_mac_mult:mac_mult1|mac_mult_r2h1:auto_generated|mult_jul:mult1|le9a[14]" File: C:/Users/steve/git_repos/school/EEL4712/lab3/83190817/p2/db/mult_jul.tdf Line: 55
        Warning (14320): Synthesized away node "lpm_mult:Mult0|mult_1ht:auto_generated|alt_mac_mult:mac_mult1|mac_mult_r2h1:auto_generated|mult_jul:mult1|le9a[13]" File: C:/Users/steve/git_repos/school/EEL4712/lab3/83190817/p2/db/mult_jul.tdf Line: 55
        Warning (14320): Synthesized away node "lpm_mult:Mult0|mult_1ht:auto_generated|alt_mac_mult:mac_mult1|mac_mult_r2h1:auto_generated|mult_jul:mult1|le9a[12]" File: C:/Users/steve/git_repos/school/EEL4712/lab3/83190817/p2/db/mult_jul.tdf Line: 55
        Warning (14320): Synthesized away node "lpm_mult:Mult0|mult_1ht:auto_generated|alt_mac_mult:mac_mult1|mac_mult_r2h1:auto_generated|mult_jul:mult1|le9a[11]" File: C:/Users/steve/git_repos/school/EEL4712/lab3/83190817/p2/db/mult_jul.tdf Line: 55
        Warning (14320): Synthesized away node "lpm_mult:Mult0|mult_1ht:auto_generated|alt_mac_mult:mac_mult1|mac_mult_r2h1:auto_generated|mult_jul:mult1|le9a[10]" File: C:/Users/steve/git_repos/school/EEL4712/lab3/83190817/p2/db/mult_jul.tdf Line: 55
        Warning (14320): Synthesized away node "lpm_mult:Mult0|mult_1ht:auto_generated|alt_mac_mult:mac_mult1|mac_mult_r2h1:auto_generated|mult_jul:mult1|le9a[9]" File: C:/Users/steve/git_repos/school/EEL4712/lab3/83190817/p2/db/mult_jul.tdf Line: 55
        Warning (14320): Synthesized away node "lpm_mult:Mult0|mult_1ht:auto_generated|alt_mac_mult:mac_mult1|mac_mult_r2h1:auto_generated|mult_jul:mult1|le9a[8]" File: C:/Users/steve/git_repos/school/EEL4712/lab3/83190817/p2/db/mult_jul.tdf Line: 55
        Warning (14320): Synthesized away node "lpm_mult:Mult0|mult_1ht:auto_generated|alt_mac_mult:mac_mult1|mac_mult_r2h1:auto_generated|mult_jul:mult1|le9a[7]" File: C:/Users/steve/git_repos/school/EEL4712/lab3/83190817/p2/db/mult_jul.tdf Line: 55
Warning (14284): Synthesized away the following node(s):
    Warning (14285): Synthesized away the following LCELL buffer node(s):
        Warning (14320): Synthesized away node "lpm_mult:Mult0|mult_1ht:auto_generated|alt_mac_mult:mac_mult1|mac_mult_r2h1:auto_generated|mult_jul:mult1|le5a[17]" File: C:/Users/steve/git_repos/school/EEL4712/lab3/83190817/p2/db/mult_jul.tdf Line: 51
        Warning (14320): Synthesized away node "lpm_mult:Mult0|mult_1ht:auto_generated|alt_mac_mult:mac_mult1|mac_mult_r2h1:auto_generated|mult_jul:mult1|le5a[16]" File: C:/Users/steve/git_repos/school/EEL4712/lab3/83190817/p2/db/mult_jul.tdf Line: 51
        Warning (14320): Synthesized away node "lpm_mult:Mult0|mult_1ht:auto_generated|alt_mac_mult:mac_mult1|mac_mult_r2h1:auto_generated|mult_jul:mult1|le5a[15]" File: C:/Users/steve/git_repos/school/EEL4712/lab3/83190817/p2/db/mult_jul.tdf Line: 51
        Warning (14320): Synthesized away node "lpm_mult:Mult0|mult_1ht:auto_generated|alt_mac_mult:mac_mult1|mac_mult_r2h1:auto_generated|mult_jul:mult1|le6a[15]" File: C:/Users/steve/git_repos/school/EEL4712/lab3/83190817/p2/db/mult_jul.tdf Line: 52
        Warning (14320): Synthesized away node "lpm_mult:Mult0|mult_1ht:auto_generated|alt_mac_mult:mac_mult1|mac_mult_r2h1:auto_generated|mult_jul:mult1|le6a[14]" File: C:/Users/steve/git_repos/school/EEL4712/lab3/83190817/p2/db/mult_jul.tdf Line: 52
        Warning (14320): Synthesized away node "lpm_mult:Mult0|mult_1ht:auto_generated|alt_mac_mult:mac_mult1|mac_mult_r2h1:auto_generated|mult_jul:mult1|le6a[13]" File: C:/Users/steve/git_repos/school/EEL4712/lab3/83190817/p2/db/mult_jul.tdf Line: 52
Info (13014): Ignored 246 buffer(s)
    Info (13016): Ignored 16 CARRY_SUM buffer(s)
    Info (13019): Ignored 230 SOFT buffer(s)
Info (286030): Timing-Driven Synthesis is running
Info (16010): Generating hard_block partition "hard_block:auto_generated_inst"
    Info (16011): Adding 0 node(s), including 0 DDIO, 0 PLL, 0 transceiver and 0 LCELL
Info (21057): Implemented 454 device resources after synthesis - the final resource count might be different
    Info (21058): Implemented 36 input pins
    Info (21059): Implemented 17 output pins
    Info (21061): Implemented 401 logic cells
Info: Quartus Prime Analysis & Synthesis was successful. 0 errors, 99 warnings
    Info: Peak virtual memory: 4865 megabytes
    Info: Processing ended: Sat Sep 23 21:03:14 2023
    Info: Elapsed time: 00:00:11
    Info: Total CPU time (on all processors): 00:00:10


